TN:
SF:src\App.jsx
FN:24,App
FNF:1
FNH:1
FNDA:7,App
DA:1,1
DA:2,1
DA:3,1
DA:4,1
DA:5,1
DA:6,1
DA:7,1
DA:8,1
DA:9,1
DA:10,1
DA:11,1
DA:12,1
DA:13,1
DA:14,1
DA:15,1
DA:16,1
DA:17,1
DA:18,1
DA:19,1
DA:20,1
DA:21,1
DA:22,1
DA:24,7
DA:25,7
DA:26,7
DA:27,7
DA:28,7
DA:29,7
DA:31,7
DA:32,7
DA:33,7
DA:34,7
DA:35,7
DA:36,7
DA:37,7
DA:39,7
DA:40,7
DA:41,7
DA:43,7
DA:44,7
DA:45,7
DA:46,7
DA:47,7
DA:48,7
DA:49,7
DA:50,7
DA:51,7
DA:53,7
DA:54,7
DA:55,7
DA:57,7
DA:59,1
LF:52
LH:52
BRDA:24,0,0,7
BRF:1
BRH:1
end_of_record
TN:
SF:src\main.jsx
FNF:0
FNH:0
DA:1,1
DA:2,1
DA:3,1
DA:5,1
DA:6,1
DA:7,1
DA:8,1
DA:9,1
LF:8
LH:8
BRF:0
BRH:0
end_of_record
TN:
SF:src\components\admin\AddCategory.jsx
FN:6,AddCategory
FN:15,handleSubmit
FN:46,onChange
FNF:3
FNH:3
FNDA:12,AddCategory
FNDA:3,handleSubmit
FNDA:4,onChange
DA:1,1
DA:2,1
DA:3,1
DA:4,1
DA:6,1
DA:8,12
DA:10,12
DA:12,12
DA:15,12
DA:16,3
DA:17,3
DA:19,3
DA:20,1
DA:21,1
DA:22,1
DA:23,0
DA:24,0
DA:25,1
DA:26,1
DA:27,3
DA:29,2
DA:30,2
DA:31,3
DA:34,12
DA:35,12
DA:37,12
DA:39,12
DA:40,12
DA:42,12
DA:43,12
DA:44,12
DA:45,12
DA:46,12
DA:47,12
DA:49,12
DA:50,12
DA:51,12
DA:53,12
DA:55,1
LF:39
LH:37
BRDA:6,0,0,12
BRDA:37,1,0,3
BRDA:15,2,0,3
BRDA:19,3,0,1
BRDA:27,4,0,2
BRDA:29,5,0,1
BRDA:29,6,0,1
BRDA:29,7,0,0
BRDA:46,8,0,4
BRF:9
BRH:8
end_of_record
TN:
SF:src\components\admin\AddProduct.jsx
FN:6,AddProduct
FN:24,handleImage
FN:29,handleSubmit
FN:67,onChange
FN:79,onChange
FN:86,onChange
FN:94,onChange
FNF:7
FNH:5
FNDA:27,AddProduct
FNDA:0,handleImage
FNDA:3,handleSubmit
FNDA:0,onChange
FNDA:4,onChange
FNDA:4,onChange
FNDA:4,onChange
DA:1,1
DA:2,1
DA:3,1
DA:4,1
DA:6,1
DA:8,27
DA:9,27
DA:10,27
DA:11,27
DA:12,27
DA:13,27
DA:14,27
DA:16,27
DA:19,27
DA:20,6
DA:21,27
DA:24,27
DA:25,0
DA:26,0
DA:29,27
DA:30,3
DA:31,3
DA:33,3
DA:34,3
DA:35,3
DA:36,3
DA:37,3
DA:38,3
DA:41,3
DA:42,1
DA:43,1
DA:44,1
DA:45,0
DA:46,0
DA:47,1
DA:48,1
DA:49,3
DA:51,2
DA:52,2
DA:53,3
DA:56,27
DA:57,27
DA:58,27
DA:59,27
DA:61,27
DA:64,27
DA:67,27
DA:68,27
DA:69,27
DA:70,42
DA:71,27
DA:72,27
DA:75,27
DA:76,27
DA:77,27
DA:78,27
DA:79,27
DA:80,27
DA:83,27
DA:84,27
DA:85,27
DA:86,27
DA:87,27
DA:90,27
DA:91,27
DA:92,27
DA:93,27
DA:94,27
DA:95,27
DA:98,27
DA:99,27
DA:100,27
DA:102,27
DA:104,1
LF:74
LH:70
BRDA:6,0,0,27
BRDA:61,1,0,3
BRDA:19,2,0,6
BRDA:20,3,0,6
BRDA:29,4,0,3
BRDA:41,5,0,1
BRDA:49,6,0,2
BRDA:51,7,0,1
BRDA:51,8,0,1
BRDA:51,9,0,0
BRDA:69,10,0,42
BRDA:79,11,0,4
BRDA:86,12,0,4
BRDA:94,13,0,4
BRF:14
BRH:13
end_of_record
TN:
SF:src\components\admin\AdminCategoryPage.jsx
FN:6,AdminCategoryPage
FN:18,fetchCategories
FN:29,handleEdit
FN:34,handleDelete
FN:53,onClick
FN:61,onClick
FN:63,onClick
FNF:7
FNH:7
FNDA:13,AdminCategoryPage
FNDA:6,fetchCategories
FNDA:1,handleEdit
FNDA:2,handleDelete
FNDA:1,onClick
FNDA:1,onClick
FNDA:2,onClick
DA:1,1
DA:2,1
DA:3,1
DA:4,1
DA:6,1
DA:8,13
DA:10,13
DA:13,13
DA:14,5
DA:15,13
DA:18,13
DA:19,6
DA:20,6
DA:21,6
DA:22,6
DA:24,1
DA:25,1
DA:26,6
DA:29,13
DA:30,1
DA:31,1
DA:34,13
DA:35,2
DA:36,2
DA:37,1
DA:38,1
DA:39,1
DA:40,1
DA:42,0
DA:43,0
DA:44,1
DA:45,2
DA:48,13
DA:49,13
DA:50,13
DA:51,13
DA:53,13
DA:55,13
DA:56,13
DA:57,12
DA:58,12
DA:59,12
DA:61,12
DA:63,12
DA:64,12
DA:65,12
DA:66,13
DA:67,13
DA:68,13
DA:69,13
DA:71,13
DA:73,1
LF:52
LH:50
BRDA:6,0,0,13
BRDA:13,1,0,5
BRDA:18,2,0,6
BRDA:21,3,0,0
BRDA:22,4,0,1
BRDA:29,5,0,1
BRDA:34,6,0,2
BRDA:36,7,0,1
BRDA:40,8,0,0
BRDA:53,9,0,1
BRDA:56,10,0,12
BRDA:61,11,0,1
BRDA:63,12,0,2
BRF:13
BRH:11
end_of_record
TN:
SF:src\components\admin\AdminOrderDetails.jsx
FN:9,AdminOrderDetails
FN:21,fetchOrderDetails
FN:31,handleStatusChange
FN:36,handleSubmitStatusChange
FN:106,onChange
FN:114,onClick
FNF:6
FNH:6
FNDA:9,AdminOrderDetails
FNDA:3,fetchOrderDetails
FNDA:2,handleStatusChange
FNDA:1,handleSubmitStatusChange
FNDA:2,onChange
FNDA:1,onClick
DA:1,1
DA:2,1
DA:3,1
DA:4,1
DA:7,1
DA:9,1
DA:10,9
DA:11,9
DA:12,9
DA:13,9
DA:16,9
DA:17,3
DA:18,9
DA:21,9
DA:22,3
DA:23,3
DA:24,3
DA:25,3
DA:26,0
DA:27,0
DA:28,3
DA:31,9
DA:32,2
DA:33,2
DA:36,9
DA:37,1
DA:38,1
DA:39,1
DA:40,1
DA:41,0
DA:42,1
DA:43,1
DA:44,0
DA:45,0
DA:46,1
DA:49,9
DA:50,9
DA:52,9
DA:53,9
DA:54,9
DA:56,6
DA:57,6
DA:59,6
DA:60,6
DA:61,6
DA:62,6
DA:63,6
DA:64,6
DA:65,6
DA:66,6
DA:69,6
DA:70,6
DA:71,6
DA:72,6
DA:73,6
DA:74,6
DA:77,6
DA:78,6
DA:79,6
DA:80,6
DA:81,6
DA:82,6
DA:83,6
DA:84,6
DA:85,6
DA:88,6
DA:89,6
DA:90,6
DA:91,6
DA:92,6
DA:93,6
DA:94,6
DA:95,6
DA:96,6
DA:97,6
DA:98,6
DA:101,6
DA:102,6
DA:103,6
DA:104,6
DA:105,6
DA:106,6
DA:108,6
DA:109,36
DA:110,6
DA:111,6
DA:112,6
DA:113,6
DA:114,6
DA:116,6
DA:117,6
DA:118,6
DA:119,6
DA:121,3
DA:123,9
DA:125,9
DA:127,1
LF:97
LH:92
BRDA:9,0,0,9
BRDA:52,1,0,1
BRDA:54,2,0,6
BRDA:119,3,0,3
BRDA:16,4,0,3
BRDA:21,5,0,3
BRDA:25,6,0,0
BRDA:31,7,0,2
BRDA:36,8,0,1
BRDA:43,9,0,0
BRDA:56,10,0,6
BRDA:91,11,0,0
BRDA:105,12,0,3
BRDA:106,13,0,2
BRDA:108,14,0,36
BRDA:114,15,0,1
BRF:16
BRH:13
end_of_record
TN:
SF:src\components\admin\AdminOrderPage.jsx
FN:10,AdminOrderPage
FN:29,fetchOrders
FN:53,handleFilterChange
FN:70,handleSearchStatusChange
FN:76,handleOrderDetails
FN:119,onClick
FN:130,onPageChange
FNF:7
FNH:5
FNDA:7,AdminOrderPage
FNDA:3,fetchOrders
FNDA:1,handleFilterChange
FNDA:0,handleSearchStatusChange
FNDA:1,handleOrderDetails
FNDA:1,onClick
FNDA:0,onPageChange
DA:1,1
DA:2,1
DA:3,1
DA:4,1
DA:5,1
DA:8,1
DA:10,1
DA:12,7
DA:13,7
DA:14,7
DA:15,7
DA:16,7
DA:17,7
DA:18,7
DA:20,7
DA:21,7
DA:24,7
DA:25,3
DA:26,7
DA:29,7
DA:30,3
DA:31,3
DA:32,3
DA:34,0
DA:35,3
DA:37,3
DA:38,3
DA:39,3
DA:40,3
DA:41,3
DA:42,3
DA:43,3
DA:45,0
DA:46,0
DA:47,0
DA:48,0
DA:49,0
DA:50,3
DA:53,7
DA:54,1
DA:55,1
DA:56,1
DA:57,1
DA:59,1
DA:60,1
DA:61,1
DA:62,1
DA:64,0
DA:65,0
DA:66,0
DA:67,1
DA:70,7
DA:71,0
DA:72,0
DA:73,0
DA:76,7
DA:77,1
DA:78,1
DA:81,7
DA:82,7
DA:83,7
DA:84,7
DA:85,7
DA:86,7
DA:87,7
DA:89,7
DA:90,7
DA:91,7
DA:92,42
DA:93,7
DA:94,7
DA:95,7
DA:96,7
DA:99,7
DA:100,7
DA:101,7
DA:102,7
DA:103,7
DA:104,7
DA:105,7
DA:106,7
DA:107,7
DA:108,7
DA:109,7
DA:110,7
DA:111,7
DA:112,7
DA:113,7
DA:114,7
DA:115,7
DA:116,7
DA:117,7
DA:118,7
DA:119,7
DA:120,7
DA:121,7
DA:122,7
DA:123,7
DA:124,7
DA:127,7
DA:128,7
DA:129,7
DA:130,7
DA:131,7
DA:132,7
DA:134,7
DA:136,1
LF:107
LH:95
BRDA:10,0,0,7
BRDA:84,1,0,0
BRDA:24,2,0,3
BRDA:29,3,0,3
BRDA:32,4,0,0
BRDA:39,5,0,0
BRDA:43,6,0,0
BRDA:53,7,0,1
BRDA:62,8,0,0
BRDA:59,9,0,2
BRDA:76,10,0,1
BRDA:91,11,0,42
BRDA:111,12,0,7
BRDA:119,13,0,1
BRF:14
BRH:9
end_of_record
TN:
SF:src\components\admin\AdminPage.jsx
FN:6,AdminPage
FN:12,onClick
FN:13,onClick
FN:14,onClick
FNF:4
FNH:4
FNDA:4,AdminPage
FNDA:1,onClick
FNDA:1,onClick
FNDA:1,onClick
DA:1,1
DA:2,1
DA:3,1
DA:6,1
DA:7,4
DA:9,4
DA:10,4
DA:11,4
DA:12,4
DA:13,4
DA:14,4
DA:16,4
DA:18,4
DA:20,1
LF:14
LH:14
BRDA:6,0,0,4
BRDA:12,1,0,1
BRDA:13,2,0,1
BRDA:14,3,0,1
BRF:4
BRH:4
end_of_record
TN:
SF:src\components\admin\AdminProductPage.jsx
FN:7,AdminProductPage
FN:22,fetchProducts
FN:45,handleEdit
FN:50,handleDelete
FN:73,onClick
FN:86,onClick
FN:88,onClick
FN:96,onPageChange
FNF:8
FNH:7
FNDA:14,AdminProductPage
FNDA:6,fetchProducts
FNDA:1,handleEdit
FNDA:2,handleDelete
FNDA:1,onClick
FNDA:1,onClick
FNDA:2,onClick
FNDA:0,onPageChange
DA:1,1
DA:2,1
DA:3,1
DA:4,1
DA:5,1
DA:7,1
DA:9,14
DA:11,14
DA:13,14
DA:15,14
DA:17,14
DA:19,14
DA:22,14
DA:23,6
DA:25,6
DA:26,6
DA:29,6
DA:32,6
DA:33,6
DA:35,1
DA:36,1
DA:37,6
DA:40,14
DA:41,5
DA:42,14
DA:45,14
DA:46,1
DA:47,1
DA:50,14
DA:51,2
DA:52,2
DA:53,1
DA:54,1
DA:55,1
DA:56,1
DA:58,0
DA:59,0
DA:60,1
DA:61,2
DA:64,14
DA:65,14
DA:67,14
DA:68,1
DA:70,12
DA:71,12
DA:73,12
DA:75,12
DA:77,12
DA:78,12
DA:79,12
DA:80,12
DA:81,12
DA:82,12
DA:83,12
DA:84,12
DA:86,12
DA:88,12
DA:89,12
DA:90,12
DA:91,12
DA:93,12
DA:94,12
DA:95,12
DA:96,12
DA:97,12
DA:98,12
DA:100,14
DA:102,14
DA:104,1
LF:69
LH:67
BRDA:7,0,0,14
BRDA:67,1,0,1
BRDA:68,2,0,12
BRDA:22,3,0,6
BRDA:26,4,0,0
BRDA:33,5,0,1
BRDA:35,6,0,0
BRDA:35,7,0,0
BRDA:40,8,0,5
BRDA:45,9,0,1
BRDA:50,10,0,2
BRDA:52,11,0,1
BRDA:56,12,0,0
BRDA:73,13,0,1
BRDA:78,14,0,12
BRDA:81,15,0,0
BRDA:86,16,0,1
BRDA:88,17,0,2
BRF:18
BRH:13
end_of_record
TN:
SF:src\components\admin\EditCategory.jsx
FN:6,EditCategory
FN:22,fetchCategory
FN:36,handleSubmit
FN:66,onChange
FNF:4
FNH:4
FNDA:10,EditCategory
FNDA:3,fetchCategory
FNDA:2,handleSubmit
FNDA:2,onChange
DA:1,1
DA:2,1
DA:3,1
DA:4,1
DA:6,1
DA:8,10
DA:10,10
DA:12,10
DA:14,10
DA:17,10
DA:18,3
DA:19,10
DA:22,10
DA:23,3
DA:24,3
DA:25,2
DA:26,3
DA:28,1
DA:29,1
DA:30,0
DA:31,1
DA:32,1
DA:33,3
DA:36,10
DA:37,2
DA:38,2
DA:39,2
DA:40,0
DA:41,0
DA:42,0
DA:43,0
DA:44,0
DA:45,0
DA:46,0
DA:47,2
DA:49,2
DA:50,2
DA:51,2
DA:54,10
DA:55,10
DA:57,10
DA:59,10
DA:60,10
DA:62,10
DA:63,10
DA:64,10
DA:65,10
DA:66,10
DA:67,10
DA:69,10
DA:70,10
DA:71,10
DA:73,10
DA:75,1
LF:54
LH:46
BRDA:6,0,0,10
BRDA:57,1,0,3
BRDA:17,2,0,3
BRDA:22,3,0,3
BRDA:24,4,0,2
BRDA:26,5,0,1
BRDA:28,6,0,0
BRDA:28,7,0,0
BRDA:36,8,0,2
BRDA:39,9,0,0
BRDA:49,10,0,1
BRDA:49,11,0,1
BRDA:49,12,0,0
BRDA:66,13,0,2
BRF:14
BRH:10
end_of_record
TN:
SF:src\components\admin\EditProduct.jsx
FN:6,EditProduct
FN:40,handleImageChange
FN:46,handleSubmit
FN:89,onChange
FN:101,onChange
FN:108,onChange
FN:116,onChange
FNF:7
FNH:5
FNDA:11,EditProduct
FNDA:0,handleImageChange
FNDA:1,handleSubmit
FNDA:0,onChange
FNDA:2,onChange
FNDA:1,onChange
FNDA:1,onChange
DA:1,1
DA:2,1
DA:3,1
DA:4,1
DA:6,1
DA:7,11
DA:8,11
DA:9,11
DA:10,11
DA:11,11
DA:12,11
DA:13,11
DA:14,11
DA:15,11
DA:16,11
DA:18,11
DA:20,3
DA:22,3
DA:24,3
DA:25,3
DA:26,3
DA:27,3
DA:28,3
DA:29,3
DA:32,3
DA:33,0
DA:34,0
DA:35,3
DA:36,3
DA:37,11
DA:40,11
DA:41,0
DA:42,0
DA:43,0
DA:46,11
DA:47,1
DA:48,1
DA:49,1
DA:50,1
DA:51,0
DA:52,0
DA:53,1
DA:54,1
DA:55,1
DA:56,1
DA:59,1
DA:61,0
DA:62,0
DA:63,0
DA:64,0
DA:65,0
DA:66,0
DA:67,0
DA:68,1
DA:70,1
DA:71,1
DA:72,1
DA:73,1
DA:74,1
DA:77,11
DA:78,11
DA:79,11
DA:81,11
DA:84,11
DA:86,11
DA:89,11
DA:90,11
DA:91,11
DA:92,8
DA:93,11
DA:94,11
DA:97,11
DA:98,11
DA:99,11
DA:100,11
DA:101,11
DA:102,11
DA:105,11
DA:106,11
DA:107,11
DA:108,11
DA:109,11
DA:112,11
DA:113,11
DA:114,11
DA:115,11
DA:116,11
DA:117,11
DA:120,11
DA:121,11
DA:123,11
DA:125,1
LF:92
LH:78
BRDA:6,0,0,11
BRDA:81,1,0,1
BRDA:86,2,0,0
BRDA:18,3,0,3
BRDA:20,4,0,3
BRDA:24,5,0,3
BRDA:32,6,0,0
BRDA:46,7,0,1
BRDA:50,8,0,0
BRDA:59,9,0,0
BRDA:71,10,0,0
BRDA:71,11,0,0
BRDA:91,12,0,8
BRDA:101,13,0,2
BRDA:108,14,0,1
BRDA:116,15,0,1
BRF:16
BRH:10
end_of_record
TN:
SF:src\components\common\Navbar.jsx
FN:7,Navbar
FN:20,handleSearchChange
FN:25,handleSearchSubmit
FN:31,handleLogout
FN:42,handleHomeClick
FNF:5
FNH:5
FNDA:5,Navbar
FNDA:1,handleSearchChange
FNDA:1,handleSearchSubmit
FNDA:1,handleLogout
FNDA:1,handleHomeClick
DA:1,1
DA:2,1
DA:3,1
DA:4,1
DA:7,1
DA:10,5
DA:12,5
DA:15,5
DA:17,5
DA:20,5
DA:21,1
DA:22,1
DA:25,5
DA:26,1
DA:27,1
DA:28,1
DA:31,5
DA:32,1
DA:33,1
DA:34,1
DA:35,1
DA:36,1
DA:37,1
DA:38,1
DA:39,1
DA:42,5
DA:43,1
DA:44,1
DA:45,1
DA:48,5
DA:49,5
DA:50,5
DA:52,5
DA:53,5
DA:54,5
DA:55,5
DA:56,5
DA:57,5
DA:58,5
DA:60,5
DA:61,5
DA:62,5
DA:63,5
DA:64,5
DA:65,5
DA:66,5
DA:67,5
DA:70,5
DA:71,5
DA:72,5
DA:73,5
DA:74,5
DA:75,5
DA:76,5
DA:77,5
DA:78,5
DA:81,5
DA:83,5
DA:85,1
LF:59
LH:59
BRDA:7,0,0,5
BRDA:73,1,0,1
BRDA:74,2,0,0
BRDA:75,3,0,4
BRDA:76,4,0,1
BRDA:20,5,0,1
BRDA:25,6,0,1
BRDA:31,7,0,1
BRDA:35,8,0,1
BRDA:42,9,0,1
BRF:10
BRH:9
end_of_record
TN:
SF:src\components\common\Pagination.jsx
FN:5,Pagination
FN:16,onClick
FNF:2
FNH:2
FNDA:42,Pagination
FNDA:4,onClick
DA:1,1
DA:2,1
DA:5,1
DA:6,42
DA:7,42
DA:8,51
DA:9,51
DA:11,42
DA:12,42
DA:13,42
DA:14,51
DA:15,51
DA:16,51
DA:17,4
DA:18,3
DA:19,3
DA:20,4
DA:21,51
DA:23,51
DA:24,51
DA:25,42
DA:26,42
DA:28,42
DA:30,1
LF:24
LH:24
BRDA:5,0,0,42
BRDA:7,1,0,51
BRDA:13,2,0,51
BRDA:21,3,0,25
BRDA:21,4,0,26
BRDA:16,5,0,4
BRDA:17,6,0,3
BRF:7
BRH:7
end_of_record
TN:
SF:src\components\common\ProductList.jsx
FN:7,ProductList
FN:12,addToCart
FN:16,incrementItem
FN:20,decrementItem
FN:50,onClick
FN:52,onClick
FN:55,onClick
FNF:7
FNH:7
FNDA:22,ProductList
FNDA:1,addToCart
FNDA:1,incrementItem
FNDA:2,decrementItem
FNDA:2,onClick
FNDA:1,onClick
FNDA:1,onClick
DA:1,1
DA:2,1
DA:3,1
DA:4,1
DA:7,1
DA:9,22
DA:12,22
DA:13,1
DA:14,1
DA:16,22
DA:17,1
DA:18,1
DA:20,22
DA:21,2
DA:22,2
DA:23,1
DA:24,1
DA:25,1
DA:26,1
DA:27,2
DA:29,22
DA:30,22
DA:31,22
DA:33,41
DA:36,41
DA:38,41
DA:39,41
DA:41,41
DA:42,41
DA:43,41
DA:44,41
DA:45,41
DA:46,41
DA:48,41
DA:49,4
DA:50,4
DA:51,4
DA:52,4
DA:53,4
DA:55,37
DA:57,41
DA:59,22
DA:60,22
DA:62,22
DA:64,1
LF:45
LH:45
BRDA:7,0,0,22
BRDA:12,1,0,1
BRDA:16,2,0,1
BRDA:20,3,0,2
BRDA:22,4,0,1
BRDA:21,5,0,2
BRDA:31,6,0,41
BRDA:48,7,0,4
BRDA:53,8,0,37
BRDA:33,9,0,8
BRDA:50,10,0,2
BRDA:52,11,0,1
BRDA:55,12,0,1
BRF:13
BRH:13
end_of_record
TN:
SF:src\components\context\CartContext.jsx
FN:12,cartReducer
FN:86,CartProvider
FN:105,useCart
FNF:3
FNH:1
FNDA:0,cartReducer
FNDA:7,CartProvider
FNDA:0,useCart
DA:1,1
DA:4,1
DA:7,1
DA:8,1
DA:9,1
DA:12,1
DA:14,0
DA:16,0
DA:18,0
DA:19,0
DA:21,0
DA:23,0
DA:24,0
DA:25,0
DA:26,0
DA:27,0
DA:28,0
DA:30,0
DA:31,0
DA:33,0
DA:35,0
DA:36,0
DA:38,0
DA:40,0
DA:42,0
DA:44,0
DA:45,0
DA:47,0
DA:49,0
DA:50,0
DA:51,0
DA:52,0
DA:53,0
DA:55,0
DA:57,0
DA:58,0
DA:60,0
DA:62,0
DA:63,0
DA:64,0
DA:65,0
DA:66,0
DA:68,0
DA:70,0
DA:71,0
DA:73,0
DA:75,0
DA:77,0
DA:78,0
DA:80,0
DA:81,0
DA:82,0
DA:83,0
DA:86,1
DA:89,7
DA:92,7
DA:93,7
DA:94,7
DA:97,7
DA:98,7
DA:99,7
DA:100,7
DA:102,7
DA:105,1
LF:64
LH:17
BRDA:86,0,0,7
BRDA:92,1,0,7
BRF:2
BRH:2
end_of_record
TN:
SF:src\components\pages\AddressPage.jsx
FN:6,AddressPage
FN:26,fetchUserInfo
FN:37,handleChange
FN:45,handSubmit
FNF:4
FNH:4
FNDA:12,AddressPage
FNDA:2,fetchUserInfo
FNDA:5,handleChange
FNDA:1,handSubmit
DA:1,1
DA:2,1
DA:3,1
DA:4,1
DA:6,1
DA:7,12
DA:8,12
DA:9,12
DA:10,12
DA:11,12
DA:12,12
DA:13,12
DA:15,12
DA:16,12
DA:17,12
DA:19,12
DA:20,5
DA:21,2
DA:22,2
DA:24,12
DA:26,12
DA:27,2
DA:28,2
DA:29,1
DA:30,1
DA:31,1
DA:32,2
DA:33,1
DA:34,1
DA:35,2
DA:37,12
DA:38,5
DA:39,5
DA:40,5
DA:41,5
DA:42,5
DA:43,5
DA:45,12
DA:46,1
DA:47,1
DA:48,1
DA:49,1
DA:50,1
DA:51,0
DA:52,0
DA:53,1
DA:55,12
DA:56,12
DA:57,12
DA:58,12
DA:60,12
DA:61,12
DA:63,12
DA:64,12
DA:65,12
DA:66,12
DA:67,12
DA:68,12
DA:69,12
DA:70,12
DA:71,12
DA:73,12
DA:74,12
DA:75,12
DA:76,12
DA:77,12
DA:78,12
DA:79,12
DA:80,12
DA:81,12
DA:83,12
DA:84,12
DA:85,12
DA:86,12
DA:87,12
DA:88,12
DA:89,12
DA:90,12
DA:91,12
DA:93,12
DA:94,12
DA:95,12
DA:96,12
DA:97,12
DA:98,12
DA:99,12
DA:100,12
DA:101,12
DA:103,12
DA:104,12
DA:105,12
DA:106,12
DA:107,12
DA:108,12
DA:109,12
DA:110,12
DA:111,12
DA:112,12
DA:113,12
DA:116,12
DA:118,1
LF:101
LH:99
BRDA:6,0,0,12
BRDA:57,1,0,4
BRDA:57,2,0,8
BRDA:58,3,0,1
BRDA:111,4,0,4
BRDA:111,5,0,8
BRDA:19,6,0,5
BRDA:20,7,0,2
BRDA:26,8,0,2
BRDA:28,9,0,1
BRDA:32,10,0,1
BRDA:33,11,0,0
BRDA:33,12,0,0
BRDA:37,13,0,5
BRDA:39,14,0,5
BRDA:45,15,0,1
BRDA:50,16,0,0
BRF:17
BRH:14
end_of_record
TN:
SF:src\components\pages\CartPage.jsx
FN:7,CartPage
FN:16,incrementItem
FN:21,decrementItem
FN:34,handleCheckout
FN:105,onClick
FN:107,onClick
FNF:6
FNH:6
FNDA:10,CartPage
FNDA:1,incrementItem
FNDA:2,decrementItem
FNDA:3,handleCheckout
FNDA:2,onClick
FNDA:1,onClick
DA:1,1
DA:2,1
DA:3,1
DA:4,1
DA:5,1
DA:7,1
DA:9,10
DA:11,10
DA:13,10
DA:16,10
DA:17,1
DA:18,1
DA:21,10
DA:22,2
DA:23,2
DA:24,0
DA:25,2
DA:26,2
DA:27,2
DA:28,2
DA:31,10
DA:34,10
DA:36,3
DA:38,1
DA:39,1
DA:40,0
DA:41,0
DA:42,1
DA:43,1
DA:44,1
DA:47,2
DA:48,4
DA:49,4
DA:50,2
DA:52,2
DA:53,2
DA:54,2
DA:55,2
DA:57,2
DA:59,2
DA:60,1
DA:63,1
DA:64,0
DA:65,1
DA:67,1
DA:68,1
DA:69,1
DA:70,3
DA:72,1
DA:73,1
DA:74,0
DA:75,1
DA:76,1
DA:77,3
DA:80,10
DA:81,10
DA:82,10
DA:84,10
DA:87,10
DA:88,0
DA:90,10
DA:91,10
DA:93,10
DA:94,20
DA:96,20
DA:97,20
DA:98,20
DA:99,20
DA:100,20
DA:102,20
DA:103,20
DA:104,20
DA:105,20
DA:106,20
DA:107,20
DA:108,20
DA:109,20
DA:110,20
DA:111,20
DA:112,10
DA:113,10
DA:115,10
DA:116,10
DA:117,10
DA:119,10
DA:121,10
DA:123,1
LF:87
LH:81
BRDA:7,0,0,10
BRDA:84,1,0,3
BRDA:87,2,0,0
BRDA:16,3,0,1
BRDA:21,4,0,2
BRDA:23,5,0,0
BRDA:22,6,0,2
BRDA:31,7,0,20
BRDA:34,8,0,3
BRDA:36,9,0,1
BRDA:44,10,0,2
BRDA:59,11,0,1
BRDA:70,12,0,1
BRDA:72,13,0,0
BRDA:72,14,0,0
BRDA:47,15,0,4
BRDA:93,16,0,20
BRDA:97,17,0,0
BRDA:105,18,0,2
BRDA:107,19,0,1
BRF:20
BRH:15
end_of_record
TN:
SF:src\components\pages\CategoryListPage.jsx
FN:6,CategoryListPage
FN:17,fetchCategories
FN:28,handleCategoryClick
FN:42,onClick
FNF:4
FNH:4
FNDA:9,CategoryListPage
FNDA:3,fetchCategories
FNDA:1,handleCategoryClick
FNDA:1,onClick
DA:1,1
DA:2,1
DA:3,1
DA:4,1
DA:6,1
DA:8,9
DA:9,9
DA:10,9
DA:12,9
DA:13,3
DA:14,9
DA:17,9
DA:18,3
DA:19,3
DA:20,3
DA:21,3
DA:22,3
DA:23,3
DA:24,1
DA:25,1
DA:26,3
DA:28,9
DA:29,1
DA:30,1
DA:32,9
DA:33,9
DA:34,9
DA:35,1
DA:37,8
DA:38,8
DA:39,8
DA:40,8
DA:41,3
DA:42,3
DA:43,3
DA:44,8
DA:45,8
DA:46,8
DA:48,9
DA:51,9
DA:53,1
LF:41
LH:41
BRDA:6,0,0,9
BRDA:34,1,0,1
BRDA:35,2,0,8
BRDA:12,3,0,3
BRDA:17,4,0,3
BRDA:21,5,0,2
BRDA:22,6,0,0
BRDA:23,7,0,1
BRDA:24,8,0,0
BRDA:24,9,0,0
BRDA:28,10,0,1
BRDA:40,11,0,3
BRDA:42,12,0,1
BRF:13
BRH:10
end_of_record
TN:
SF:src\components\pages\CategoryProductsPage.jsx
FN:9,CategoryProductsPage
FN:28,fetchProducts
FN:50,onPageChange
FNF:3
FNH:3
FNDA:12,CategoryProductsPage
FNDA:4,fetchProducts
FNDA:1,onPageChange
DA:1,1
DA:2,1
DA:3,1
DA:4,1
DA:5,1
DA:6,1
DA:9,1
DA:12,12
DA:13,12
DA:15,12
DA:17,12
DA:19,12
DA:21,12
DA:24,12
DA:25,4
DA:26,12
DA:28,12
DA:29,4
DA:30,4
DA:31,4
DA:32,4
DA:33,4
DA:34,4
DA:35,4
DA:36,4
DA:37,1
DA:38,1
DA:39,4
DA:41,12
DA:42,12
DA:43,12
DA:44,1
DA:46,11
DA:47,11
DA:48,11
DA:49,11
DA:50,11
DA:51,11
DA:53,12
DA:56,12
DA:57,1
LF:41
LH:41
BRDA:9,0,0,12
BRDA:43,1,0,1
BRDA:44,2,0,11
BRDA:24,3,0,4
BRDA:28,4,0,4
BRDA:32,5,0,3
BRDA:33,6,0,0
BRDA:36,7,0,1
BRDA:37,8,0,0
BRDA:37,9,0,0
BRDA:50,10,0,1
BRF:11
BRH:8
end_of_record
TN:
SF:src\components\pages\Home.jsx
FN:8,Home
FN:24,fetchProducts
FN:71,onPageChange
FNF:3
FNH:3
FNDA:15,Home
FNDA:5,fetchProducts
FNDA:1,onPageChange
DA:1,1
DA:2,1
DA:3,1
DA:4,1
DA:5,1
DA:6,1
DA:8,1
DA:10,15
DA:12,15
DA:14,15
DA:16,15
DA:18,15
DA:20,15
DA:23,15
DA:24,5
DA:25,5
DA:26,5
DA:28,5
DA:29,5
DA:31,5
DA:33,5
DA:34,5
DA:36,1
DA:37,1
DA:38,1
DA:39,0
DA:40,0
DA:41,5
DA:43,4
DA:44,4
DA:45,4
DA:48,4
DA:50,4
DA:51,5
DA:52,1
DA:53,1
DA:54,5
DA:56,5
DA:57,15
DA:59,15
DA:60,15
DA:61,15
DA:62,1
DA:64,14
DA:65,14
DA:66,5
DA:67,5
DA:68,5
DA:69,5
DA:70,5
DA:71,5
DA:72,5
DA:73,5
DA:75,9
DA:77,14
DA:79,15
DA:81,15
DA:83,1
LF:58
LH:56
BRDA:8,0,0,15
BRDA:61,1,0,1
BRDA:62,2,0,14
BRDA:65,3,0,5
BRDA:73,4,0,9
BRDA:23,5,0,5
BRDA:24,6,0,5
BRDA:34,7,0,1
BRDA:37,8,0,0
BRDA:38,9,0,0
BRDA:41,10,0,4
BRDA:43,11,0,3
BRDA:44,12,0,0
BRDA:51,13,0,1
BRDA:52,14,0,0
BRDA:52,15,0,0
BRDA:71,16,0,1
BRF:17
BRH:12
end_of_record
TN:
SF:src\components\pages\LoginPage.jsx
FN:6,LoginPage
FN:20,handleChange
FN:26,handleSubmit
FNF:3
FNH:3
FNDA:9,LoginPage
FNDA:4,handleChange
FNDA:2,handleSubmit
DA:1,1
DA:2,1
DA:3,1
DA:4,1
DA:6,1
DA:8,9
DA:9,9
DA:10,9
DA:11,9
DA:14,9
DA:17,9
DA:20,9
DA:21,4
DA:22,4
DA:23,4
DA:26,9
DA:27,2
DA:28,2
DA:30,2
DA:31,1
DA:32,1
DA:35,1
DA:36,1
DA:39,1
DA:40,0
DA:41,1
DA:42,1
DA:43,2
DA:45,1
DA:46,1
DA:47,2
DA:49,9
DA:50,9
DA:51,9
DA:53,9
DA:56,9
DA:58,9
DA:59,9
DA:60,9
DA:61,9
DA:62,9
DA:63,9
DA:64,9
DA:65,9
DA:66,9
DA:68,9
DA:69,9
DA:70,9
DA:71,9
DA:72,9
DA:73,9
DA:74,9
DA:75,9
DA:76,9
DA:79,9
DA:82,9
DA:83,9
DA:84,9
DA:85,9
DA:86,9
DA:88,9
DA:90,1
LF:62
LH:61
BRDA:6,0,0,9
BRDA:53,1,0,2
BRDA:20,2,0,4
BRDA:26,3,0,2
BRDA:30,4,0,1
BRDA:43,5,0,1
BRDA:45,6,0,0
BRDA:45,7,0,0
BRF:8
BRH:6
end_of_record
TN:
SF:src\components\pages\ProductDetailsPage.jsx
FN:7,ProductDetailsPage
FN:17,fetchProduct
FN:27,addToCart
FN:33,incrementItem
FN:39,decrementItem
FNF:5
FNH:5
FNDA:8,ProductDetailsPage
FNDA:4,fetchProduct
FNDA:1,addToCart
FNDA:1,incrementItem
FNDA:1,decrementItem
DA:1,1
DA:2,1
DA:3,1
DA:4,1
DA:5,1
DA:7,1
DA:9,8
DA:10,8
DA:11,8
DA:13,8
DA:14,4
DA:15,8
DA:17,8
DA:18,4
DA:19,4
DA:20,4
DA:21,4
DA:22,0
DA:23,0
DA:24,4
DA:27,8
DA:28,1
DA:29,1
DA:30,1
DA:31,1
DA:33,8
DA:34,1
DA:35,1
DA:36,1
DA:37,1
DA:39,8
DA:40,1
DA:41,1
DA:42,1
DA:43,0
DA:44,1
DA:45,1
DA:46,1
DA:47,1
DA:48,1
DA:50,8
DA:51,4
DA:52,4
DA:54,4
DA:56,4
DA:58,4
DA:59,4
DA:60,8
DA:61,8
DA:62,8
DA:63,8
DA:64,8
DA:65,2
DA:66,2
DA:67,2
DA:68,2
DA:69,2
DA:71,2
DA:74,8
DA:77,8
DA:79,1
LF:61
LH:58
BRDA:7,0,0,8
BRDA:50,1,0,4
BRDA:61,2,0,4
BRDA:62,3,0,4
BRDA:64,4,0,2
BRDA:69,5,0,2
BRDA:13,6,0,4
BRDA:17,7,0,4
BRDA:21,8,0,0
BRDA:27,9,0,1
BRDA:33,10,0,1
BRDA:39,11,0,1
BRDA:42,12,0,0
BRDA:41,13,0,1
BRDA:54,14,0,2
BRF:15
BRH:13
end_of_record
TN:
SF:src\components\pages\ProfilePage.jsx
FN:7,ProfilePage
FN:29,fetchUserInfo
FN:47,handleAddressClick
FN:123,onPageChange
FNF:4
FNH:3
FNDA:6,ProfilePage
FNDA:3,fetchUserInfo
FNDA:2,handleAddressClick
FNDA:0,onPageChange
DA:1,1
DA:2,1
DA:3,1
DA:4,1
DA:5,1
DA:7,1
DA:9,6
DA:12,6
DA:15,6
DA:18,6
DA:21,6
DA:24,6
DA:25,3
DA:26,6
DA:29,6
DA:30,3
DA:31,3
DA:32,3
DA:33,3
DA:35,0
DA:36,0
DA:37,3
DA:40,6
DA:41,3
DA:42,3
DA:44,3
DA:47,3
DA:48,2
DA:49,2
DA:52,6
DA:55,6
DA:58,6
DA:59,6
DA:60,6
DA:61,6
DA:64,6
DA:65,6
DA:66,6
DA:69,6
DA:70,0
DA:72,3
DA:74,3
DA:75,3
DA:76,3
DA:79,3
DA:80,3
DA:81,3
DA:82,2
DA:83,2
DA:84,2
DA:85,2
DA:86,2
DA:87,2
DA:88,2
DA:90,1
DA:92,3
DA:93,3
DA:94,3
DA:95,3
DA:98,3
DA:99,3
DA:100,3
DA:101,1
DA:103,1
DA:104,1
DA:105,1
DA:106,1
DA:107,1
DA:108,1
DA:110,1
DA:111,1
DA:112,1
DA:113,1
DA:114,1
DA:115,1
DA:116,3
DA:117,3
DA:120,3
DA:121,3
DA:122,3
DA:123,3
DA:124,3
DA:125,3
DA:127,6
DA:129,6
DA:131,1
LF:86
LH:83
BRDA:7,0,0,6
BRDA:40,1,0,3
BRDA:52,2,0,0
BRDA:69,3,0,0
BRDA:70,4,0,3
BRDA:81,5,0,2
BRDA:88,6,0,1
BRDA:93,7,0,2
BRDA:93,8,0,1
BRDA:24,9,0,3
BRDA:29,10,0,3
BRDA:33,11,0,0
BRDA:47,12,0,2
BRDA:48,13,0,1
BRDA:48,14,0,1
BRDA:100,15,0,1
BRDA:104,16,0,0
BRF:17
BRH:13
end_of_record
TN:
SF:src\components\pages\RegisterPage.jsx
FN:6,RegisterPage
FN:24,handleChange
FN:30,handleSubmit
FNF:3
FNH:3
FNDA:19,RegisterPage
FNDA:12,handleChange
FNDA:3,handleSubmit
DA:1,1
DA:2,1
DA:3,1
DA:4,1
DA:6,1
DA:9,19
DA:10,19
DA:11,19
DA:12,19
DA:13,19
DA:14,19
DA:17,19
DA:20,19
DA:24,19
DA:25,12
DA:26,12
DA:27,12
DA:30,19
DA:31,3
DA:32,3
DA:34,3
DA:35,1
DA:36,1
DA:38,1
DA:39,1
DA:40,1
DA:41,1
DA:42,3
DA:44,2
DA:47,2
DA:48,1
DA:49,1
DA:50,1
DA:51,1
DA:52,2
DA:53,3
DA:56,19
DA:57,19
DA:58,19
DA:60,19
DA:63,19
DA:65,19
DA:66,19
DA:67,19
DA:68,19
DA:69,19
DA:70,19
DA:71,19
DA:72,19
DA:73,19
DA:76,19
DA:77,19
DA:78,19
DA:79,19
DA:80,19
DA:81,19
DA:82,19
DA:83,19
DA:84,19
DA:87,19
DA:88,19
DA:89,19
DA:90,19
DA:91,19
DA:92,19
DA:93,19
DA:94,19
DA:95,19
DA:98,19
DA:99,19
DA:100,19
DA:101,19
DA:102,19
DA:103,19
DA:104,19
DA:105,19
DA:106,19
DA:109,19
DA:112,19
DA:113,19
DA:114,19
DA:115,19
DA:116,19
DA:118,19
DA:120,1
LF:85
LH:85
BRDA:6,0,0,19
BRDA:60,1,0,3
BRDA:24,2,0,12
BRDA:30,3,0,3
BRDA:34,4,0,1
BRDA:42,5,0,2
BRDA:44,6,0,1
BRDA:44,7,0,1
BRDA:44,8,0,0
BRDA:47,9,0,1
BRDA:38,10,0,1
BRF:11
BRH:10
end_of_record
TN:
SF:src\service\ApiService.jsx
FN:6,<static_initializer>
FN:9,getHeader
FN:22,registerUser
FN:28,loginUser
FN:34,getLoggedInUserInfo
FN:46,addProduct
FN:57,updateProduct
FN:68,getAllProducts
FN:74,searchProducts
FN:82,getAllProductByCategoryId
FN:88,getProductById
FN:94,deleteProduct
FN:106,createCategory
FN:114,getAllCategory
FN:120,getCategoryById
FN:126,updateCategory
FN:134,deleteCategory
FN:146,createOrder
FN:154,getAllOrders
FN:162,getOrderItemById
FN:171,getAllOrderItemsByStatus
FN:180,updateOrderItemStatus
FN:194,saveAndUpdateAddress
FN:206,logout
FN:212,isAuthenticated
FN:218,isAdmin
FNF:26
FNH:13
FNDA:6,<static_initializer>
FNDA:12,getHeader
FNDA:2,registerUser
FNDA:1,loginUser
FNDA:2,getLoggedInUserInfo
FNDA:2,addProduct
FNDA:0,updateProduct
FNDA:2,getAllProducts
FNDA:0,searchProducts
FNDA:0,getAllProductByCategoryId
FNDA:0,getProductById
FNDA:0,deleteProduct
FNDA:2,createCategory
FNDA:2,getAllCategory
FNDA:0,getCategoryById
FNDA:0,updateCategory
FNDA:0,deleteCategory
FNDA:2,createOrder
FNDA:2,getAllOrders
FNDA:0,getOrderItemById
FNDA:0,getAllOrderItemsByStatus
FNDA:0,updateOrderItemStatus
FNDA:0,saveAndUpdateAddress
FNDA:0,logout
FNDA:2,isAuthenticated
FNDA:2,isAdmin
DA:1,1
DA:3,1
DA:6,1
DA:9,1
DA:10,12
DA:11,12
DA:12,12
DA:13,12
DA:14,12
DA:15,12
DA:22,1
DA:23,2
DA:24,1
DA:25,2
DA:28,1
DA:29,1
DA:30,1
DA:31,1
DA:34,1
DA:35,2
DA:36,2
DA:37,2
DA:38,1
DA:39,2
DA:46,1
DA:47,2
DA:48,2
DA:49,2
DA:50,2
DA:51,2
DA:52,2
DA:53,1
DA:54,2
DA:57,1
DA:58,0
DA:59,0
DA:60,0
DA:61,0
DA:62,0
DA:63,0
DA:64,0
DA:65,0
DA:68,1
DA:69,2
DA:70,1
DA:71,2
DA:74,1
DA:75,0
DA:76,0
DA:77,0
DA:78,0
DA:79,0
DA:82,1
DA:83,0
DA:84,0
DA:85,0
DA:88,1
DA:89,0
DA:90,0
DA:91,0
DA:94,1
DA:95,0
DA:96,0
DA:97,0
DA:98,0
DA:99,0
DA:106,1
DA:107,2
DA:108,2
DA:109,2
DA:110,1
DA:111,2
DA:114,1
DA:115,2
DA:116,1
DA:117,2
DA:120,1
DA:121,0
DA:122,0
DA:123,0
DA:126,1
DA:127,0
DA:128,0
DA:129,0
DA:130,0
DA:131,0
DA:134,1
DA:135,0
DA:136,0
DA:137,0
DA:138,0
DA:139,0
DA:146,1
DA:147,2
DA:148,2
DA:149,2
DA:150,1
DA:151,2
DA:154,1
DA:155,2
DA:156,2
DA:157,2
DA:158,1
DA:159,2
DA:162,1
DA:163,0
DA:164,0
DA:165,0
DA:166,0
DA:167,0
DA:168,0
DA:171,1
DA:172,0
DA:173,0
DA:174,0
DA:175,0
DA:176,0
DA:177,0
DA:180,1
DA:181,0
DA:182,0
DA:183,0
DA:184,0
DA:185,0
DA:186,0
DA:194,1
DA:195,0
DA:196,0
DA:197,0
DA:198,0
DA:199,0
DA:206,1
DA:207,0
DA:208,0
DA:209,0
DA:212,1
DA:213,2
DA:214,2
DA:215,2
DA:218,1
DA:219,2
DA:220,2
DA:221,2
DA:223,1
LF:144
LH:81
BRDA:6,0,0,6
BRDA:9,1,0,12
BRDA:22,2,0,2
BRDA:23,3,0,1
BRDA:28,4,0,1
BRDA:34,5,0,2
BRDA:37,6,0,1
BRDA:46,7,0,2
BRDA:52,8,0,1
BRDA:68,9,0,2
BRDA:69,10,0,1
BRDA:106,11,0,2
BRDA:109,12,0,1
BRDA:114,13,0,2
BRDA:115,14,0,1
BRDA:146,15,0,2
BRDA:149,16,0,1
BRDA:154,17,0,2
BRDA:157,18,0,1
BRDA:212,19,0,2
BRDA:218,20,0,2
BRF:21
BRH:21
end_of_record
TN:
SF:src\service\Guard.jsx
FN:6,ProtectedRoute
FN:20,AdminRoute
FNF:2
FNH:2
FNDA:2,ProtectedRoute
FNDA:2,AdminRoute
DA:1,1
DA:6,1
DA:8,2
DA:11,2
DA:13,1
DA:16,1
DA:18,2
DA:20,1
DA:22,2
DA:25,2
DA:27,1
DA:30,1
DA:32,2
LF:13
LH:13
BRDA:6,0,0,2
BRDA:11,1,0,1
BRDA:13,2,0,1
BRDA:20,3,0,2
BRDA:25,4,0,1
BRDA:27,5,0,1
BRF:6
BRH:6
end_of_record
